<?xml version="1.0" encoding="utf-8"?><testsuites name="pytest tests"><testsuite name="pytest" errors="0" failures="0" skipped="0" tests="6" time="1.297" timestamp="2026-05-10T15:53:42.585796+00:00" hostname="agent-env-353031df-b3ba-4168-88c0-21be155df18c"><testcase classname="backend.tests.test_leads" name="test_root" time="0.343" /><testcase classname="backend.tests.test_leads" name="test_create_lead_valid" time="0.140" /><testcase classname="backend.tests.test_leads" name="test_create_lead_invalid_phone" time="0.144" /><testcase classname="backend.tests.test_leads" name="test_list_leads_no_id_leak" time="0.279" /><testcase classname="backend.tests.test_leads" name="test_lead_stats" time="0.113" /><testcase classname="backend.tests.test_leads" name="test_eligibility_modal_source" time="0.103" /></testsuite></testsuites>